<?xml version="1.0" encoding="UTF-8"?>
<testsuite xmlns:xsi="http://www.w3.org/2001/XMLSchema-instance" xsi:noNamespaceSchemaLocation="https://maven.apache.org/surefire/maven-surefire-plugin/xsd/surefire-test-report-3.0.xsd" version="3.0" name="com.invex.example.jlmb.ApplicationTest" time="10.981" tests="1" errors="0" skipped="0" failures="0">
  <properties>
[...]
</properties>
  <testcase name="applicationDeployCorrectly" classname="com.invex.example.jlmb.ApplicationTest" time="0.55">
    <system-out><![CDATA[17:24:25,820 |-INFO in ch.qos.logback.classic.LoggerContext[default] - This is logback-classic version 1.5.11
17:24:25,824 |-INFO in ch.qos.logback.classic.util.ContextInitializer@1d207fad - Here is a list of configurators discovered as a service, by rank: 
17:24:25,824 |-INFO in ch.qos.logback.classic.util.ContextInitializer@1d207fad -   org.springframework.boot.logging.logback.RootLogLevelConfigurator
17:24:25,824 |-INFO in ch.qos.logback.classic.util.ContextInitializer@1d207fad - They will be invoked in order until ExecutionStatus.DO_NOT_INVOKE_NEXT_IF_ANY is returned.
17:24:25,824 |-INFO in ch.qos.logback.classic.util.ContextInitializer@1d207fad - Constructed configurator of type class org.springframework.boot.logging.logback.RootLogLevelConfigurator
17:24:25,836 |-INFO in ch.qos.logback.classic.util.ContextInitializer@1d207fad - org.springframework.boot.logging.logback.RootLogLevelConfigurator.configure() call lasted 0 milliseconds. ExecutionStatus=INVOKE_NEXT_IF_ANY
17:24:25,836 |-INFO in ch.qos.logback.classic.util.ContextInitializer@1d207fad - Trying to configure with ch.qos.logback.classic.joran.SerializedModelConfigurator
17:24:25,839 |-INFO in ch.qos.logback.classic.util.ContextInitializer@1d207fad - Constructed configurator of type class ch.qos.logback.classic.joran.SerializedModelConfigurator
17:24:25,842 |-INFO in ch.qos.logback.classic.LoggerContext[default] - Could NOT find resource [logback-test.scmo]
17:24:25,842 |-INFO in ch.qos.logback.classic.LoggerContext[default] - Could NOT find resource [logback.scmo]
17:24:25,842 |-INFO in ch.qos.logback.classic.util.ContextInitializer@1d207fad - ch.qos.logback.classic.joran.SerializedModelConfigurator.configure() call lasted 3 milliseconds. ExecutionStatus=INVOKE_NEXT_IF_ANY
17:24:25,842 |-INFO in ch.qos.logback.classic.util.ContextInitializer@1d207fad - Trying to configure with ch.qos.logback.classic.util.DefaultJoranConfigurator
17:24:25,844 |-INFO in ch.qos.logback.classic.util.ContextInitializer@1d207fad - Constructed configurator of type class ch.qos.logback.classic.util.DefaultJoranConfigurator
17:24:25,849 |-INFO in ch.qos.logback.classic.LoggerContext[default] - Found resource [logback-test.xml] at [file:/C:/Users/Virago%202024/OneDrive/Documents/projects/example-jlmb/target/test-classes/logback-test.xml]
17:24:26,093 |-INFO in ch.qos.logback.core.model.processor.AppenderModelHandler - Processing appender named [Console]
17:24:26,093 |-INFO in ch.qos.logback.core.model.processor.AppenderModelHandler - About to instantiate appender of type [ch.qos.logback.core.ConsoleAppender]
17:24:26,198 |-WARN in ch.qos.logback.core.ConsoleAppender[Console] - This appender no longer admits a layout as a sub-component, set an encoder instead.
17:24:26,198 |-WARN in ch.qos.logback.core.ConsoleAppender[Console] - To ensure compatibility, wrapping your layout in LayoutWrappingEncoder.
17:24:26,198 |-WARN in ch.qos.logback.core.ConsoleAppender[Console] - See also http://logback.qos.ch/codes.html#layoutInsteadOfEncoder for details
17:24:26,198 |-INFO in ch.qos.logback.classic.model.processor.RootLoggerModelHandler - Setting level of ROOT logger to INFO
17:24:26,199 |-INFO in ch.qos.logback.core.model.processor.AppenderRefModelHandler - Attaching appender named [Console] to Logger[ROOT]
17:24:26,201 |-INFO in ch.qos.logback.classic.model.processor.LoggerModelHandler - Setting level of logger [com.invex] to TRACE
17:24:26,203 |-INFO in ch.qos.logback.classic.model.processor.LoggerModelHandler - Setting additivity of logger [com.invex] to false
17:24:26,203 |-INFO in ch.qos.logback.core.model.processor.AppenderRefModelHandler - Attaching appender named [Console] to Logger[com.invex]
17:24:26,203 |-INFO in ch.qos.logback.core.model.processor.DefaultProcessor@72ed9aad - End of configuration.
17:24:26,205 |-INFO in ch.qos.logback.classic.joran.JoranConfigurator@4690f583 - Registering current configuration as safe fallback point
17:24:26,205 |-INFO in ch.qos.logback.classic.util.ContextInitializer@1d207fad - ch.qos.logback.classic.util.DefaultJoranConfigurator.configure() call lasted 361 milliseconds. ExecutionStatus=DO_NOT_INVOKE_NEXT_IF_ANY

&amp#27;[30m2025-02-07 17:24:26,461&amp#27;[0;39m &amp#27;[34mINFO &amp#27;[0;39m [&amp#27;[34mmain&amp#27;[0;39m] &amp#27;[33mo.s.t.c.s.AnnotationConfigContextLoaderUtils&amp#27;[0;39m: Could not detect default configuration classes for test class [com.invex.example.jlmb.ApplicationTest]: ApplicationTest does not declare any static, non-private, non-final, nested classes annotated with @Configuration.
&amp#27;[30m2025-02-07 17:24:26,684&amp#27;[0;39m &amp#27;[34mINFO &amp#27;[0;39m [&amp#27;[34mmain&amp#27;[0;39m] &amp#27;[33mo.s.b.t.c.SpringBootTestContextBootstrapper&amp#27;[0;39m: Found @SpringBootConfiguration com.invex.example.jlmb.Application for test class com.invex.example.jlmb.ApplicationTest
17:24:27,420 |-INFO in ch.qos.logback.core.model.processor.AppenderModelHandler - Processing appender named [Console]
17:24:27,420 |-INFO in ch.qos.logback.core.model.processor.AppenderModelHandler - About to instantiate appender of type [ch.qos.logback.core.ConsoleAppender]
17:24:27,421 |-WARN in ch.qos.logback.core.ConsoleAppender[Console] - This appender no longer admits a layout as a sub-component, set an encoder instead.
17:24:27,421 |-WARN in ch.qos.logback.core.ConsoleAppender[Console] - To ensure compatibility, wrapping your layout in LayoutWrappingEncoder.
17:24:27,421 |-WARN in ch.qos.logback.core.ConsoleAppender[Console] - See also http://logback.qos.ch/codes.html#layoutInsteadOfEncoder for details
17:24:27,421 |-INFO in ch.qos.logback.classic.model.processor.RootLoggerModelHandler - Setting level of ROOT logger to INFO
17:24:27,421 |-INFO in ch.qos.logback.classic.jul.LevelChangePropagator@29bd85db - Propagating INFO level on Logger[ROOT] onto the JUL framework
17:24:27,422 |-INFO in ch.qos.logback.core.model.processor.AppenderRefModelHandler - Attaching appender named [Console] to Logger[ROOT]
17:24:27,422 |-INFO in ch.qos.logback.classic.model.processor.LoggerModelHandler - Setting level of logger [com.invex] to TRACE
17:24:27,422 |-INFO in ch.qos.logback.classic.jul.LevelChangePropagator@29bd85db - Propagating TRACE level on Logger[com.invex] onto the JUL framework
17:24:27,422 |-INFO in ch.qos.logback.classic.model.processor.LoggerModelHandler - Setting additivity of logger [com.invex] to false
17:24:27,422 |-INFO in ch.qos.logback.core.model.processor.AppenderRefModelHandler - Attaching appender named [Console] to Logger[com.invex]
17:24:27,422 |-INFO in ch.qos.logback.core.model.processor.DefaultProcessor@7caf1e5 - End of configuration.
17:24:27,422 |-INFO in org.springframework.boot.logging.logback.SpringBootJoranConfigurator@5c234920 - Registering current configuration as safe fallback point


  .   ____          _            __ _ _
 /\\ / ___'_ __ _ _(_)_ __  __ _ \ \ \ \
( ( )\___ | '_ | '_| | '_ \/ _` | \ \ \ \
 \\/  ___)| |_)| | | | | || (_| |  ) ) ) )
  '  |____| .__|_| |_|_| |_\__, | / / / /
 =========|_|==============|___/=/_/_/_/

 :: Spring Boot ::                (v3.3.5)

&amp#27;[30m2025-02-07 17:24:27,520&amp#27;[0;39m &amp#27;[34mINFO &amp#27;[0;39m [&amp#27;[34mbackground-preinit&amp#27;[0;39m] &amp#27;[33mo.h.v.i.u.Version&amp#27;[0;39m: HV000001: Hibernate Validator 8.0.1.Final
&amp#27;[30m2025-02-07 17:24:27,581&amp#27;[0;39m &amp#27;[34mINFO &amp#27;[0;39m [&amp#27;[34mmain&amp#27;[0;39m] &amp#27;[33mo.s.b.StartupInfoLogger&amp#27;[0;39m: Starting ApplicationTest using Java 21.0.3 with PID 4364 (started by Virago 2024 in C:\Users\Virago 2024\OneDrive\Documents\projects\example-jlmb)
&amp#27;[30m2025-02-07 17:24:27,582&amp#27;[0;39m &amp#27;[39mDEBUG&amp#27;[0;39m [&amp#27;[34mmain&amp#27;[0;39m] &amp#27;[33mo.s.b.StartupInfoLogger&amp#27;[0;39m: Running with Spring Boot v3.3.5, Spring v6.1.14
&amp#27;[30m2025-02-07 17:24:27,584&amp#27;[0;39m &amp#27;[34mINFO &amp#27;[0;39m [&amp#27;[34mmain&amp#27;[0;39m] &amp#27;[33mo.s.b.SpringApplication&amp#27;[0;39m: No active profile set, falling back to 1 default profile: "default"
&amp#27;[30m2025-02-07 17:24:29,193&amp#27;[0;39m &amp#27;[34mINFO &amp#27;[0;39m [&amp#27;[34mmain&amp#27;[0;39m] &amp#27;[33mo.s.d.r.c.RepositoryConfigurationDelegate&amp#27;[0;39m: Bootstrapping Spring Data JPA repositories in DEFAULT mode.
&amp#27;[30m2025-02-07 17:24:29,300&amp#27;[0;39m &amp#27;[34mINFO &amp#27;[0;39m [&amp#27;[34mmain&amp#27;[0;39m] &amp#27;[33mo.s.d.r.c.RepositoryConfigurationDelegate&amp#27;[0;39m: Finished Spring Data repository scanning in 91 ms. Found 1 JPA repository interface.
&amp#27;[30m2025-02-07 17:24:30,028&amp#27;[0;39m &amp#27;[34mINFO &amp#27;[0;39m [&amp#27;[34mmain&amp#27;[0;39m] &amp#27;[33mc.z.h.HikariDataSource&amp#27;[0;39m: SpringBootJPAHikariCP - Starting...
&amp#27;[30m2025-02-07 17:24:30,454&amp#27;[0;39m &amp#27;[34mINFO &amp#27;[0;39m [&amp#27;[34mmain&amp#27;[0;39m] &amp#27;[33mc.z.h.p.HikariPool&amp#27;[0;39m: SpringBootJPAHikariCP - Added connection org.postgresql.jdbc.PgConnection@30bd925c
&amp#27;[30m2025-02-07 17:24:30,458&amp#27;[0;39m &amp#27;[34mINFO &amp#27;[0;39m [&amp#27;[34mmain&amp#27;[0;39m] &amp#27;[33mc.z.h.HikariDataSource&amp#27;[0;39m: SpringBootJPAHikariCP - Start completed.
&amp#27;[30m2025-02-07 17:24:30,569&amp#27;[0;39m &amp#27;[34mINFO &amp#27;[0;39m [&amp#27;[34mmain&amp#27;[0;39m] &amp#27;[33mo.h.j.i.u.LogHelper&amp#27;[0;39m: HHH000204: Processing PersistenceUnitInfo [name: default]
&amp#27;[30m2025-02-07 17:24:30,709&amp#27;[0;39m &amp#27;[34mINFO &amp#27;[0;39m [&amp#27;[34mmain&amp#27;[0;39m] &amp#27;[33mo.h.Version&amp#27;[0;39m: HHH000412: Hibernate ORM core version 6.5.3.Final
&amp#27;[30m2025-02-07 17:24:30,761&amp#27;[0;39m &amp#27;[34mINFO &amp#27;[0;39m [&amp#27;[34mmain&amp#27;[0;39m] &amp#27;[33mo.h.c.i.RegionFactoryInitiator&amp#27;[0;39m: HHH000026: Second-level cache disabled
&amp#27;[30m2025-02-07 17:24:31,512&amp#27;[0;39m &amp#27;[34mINFO &amp#27;[0;39m [&amp#27;[34mmain&amp#27;[0;39m] &amp#27;[33mo.s.o.j.p.SpringPersistenceUnitInfo&amp#27;[0;39m: No LoadTimeWeaver setup: ignoring JPA class transformer
&amp#27;[30m2025-02-07 17:24:33,965&amp#27;[0;39m &amp#27;[34mINFO &amp#27;[0;39m [&amp#27;[34mmain&amp#27;[0;39m] &amp#27;[33mo.h.e.t.j.p.i.JtaPlatformInitiator&amp#27;[0;39m: HHH000489: No JTA platform available (set 'hibernate.transaction.jta.platform' to enable JTA platform integration)
&amp#27;[30m2025-02-07 17:24:33,969&amp#27;[0;39m &amp#27;[34mINFO &amp#27;[0;39m [&amp#27;[34mmain&amp#27;[0;39m] &amp#27;[33mo.s.o.j.AbstractEntityManagerFactoryBean&amp#27;[0;39m: Initialized JPA EntityManagerFactory for persistence unit 'default'
&amp#27;[30m2025-02-07 17:24:34,530&amp#27;[0;39m &amp#27;[34mINFO &amp#27;[0;39m [&amp#27;[34mmain&amp#27;[0;39m] &amp#27;[33mo.s.d.j.r.q.QueryEnhancerFactory&amp#27;[0;39m: Hibernate is in classpath; If applicable, HQL parser will be used.
&amp#27;[30m2025-02-07 17:24:36,105&amp#27;[0;39m &amp#27;[34mINFO &amp#27;[0;39m [&amp#27;[34mmain&amp#27;[0;39m] &amp#27;[33mo.s.b.StartupInfoLogger&amp#27;[0;39m: Started ApplicationTest in 9.07 seconds (process running for 11.813)
&amp#27;[30m2025-02-07 17:24:36,651&amp#27;[0;39m &amp#27;[34mINFO &amp#27;[0;39m [&amp#27;[34mmain&amp#27;[0;39m] &amp#27;[33mc.i.e.j.ApplicationTest&amp#27;[0;39m: Application deploy correctly
]]></system-out>
    <system-err><![CDATA[WARNING: A Java agent has been loaded dynamically (C:\Users\Virago 2024\.m2\repository\net\bytebuddy\byte-buddy-agent\1.14.19\byte-buddy-agent-1.14.19.jar)
WARNING: If a serviceability tool is in use, please run with -XX:+EnableDynamicAgentLoading to hide this warning
WARNING: If a serviceability tool is not in use, please run with -Djdk.instrument.traceUsage for more information
WARNING: Dynamic loading of agents will be disallowed by default in a future release
]]></system-err>
  </testcase>
</testsuite>